<?xml version="1.0" encoding="UTF-8"?>
<testng-results skipped="0" failed="1" total="1" passed="0">
  <reporter-output>
  </reporter-output>
  <suite name="Suite" duration-ms="385650" started-at="2021-03-12T06:55:42Z" finished-at="2021-03-12T07:02:08Z">
    <groups>
    </groups>
    <test name="Test" duration-ms="385650" started-at="2021-03-12T06:55:42Z" finished-at="2021-03-12T07:02:08Z">
      <class name="comboAppTests.ComboAppTest">
        <test-method status="FAIL" signature="ulipKotakTest(int, lib.ComboAppData)[pri:0, instance:ComboAppData [iTestCaseID=0, sGender=null, sTobacoUser=null, sName=null, sDOB=null,sPopUp=null, sMobileNO=null, sEmail=null, sPremiumType=null, sAnuallIncome=null,sAnualIncmeAmt=null,sPolicyPeriod=null, sPolicyPremium=null,sQualification=null,sCovrageAmt=null,sCovrageAddon=null,sPanNo=null,sPincode=null , sCardno =null, sMonthcreitcrd=null, sYearcrdtcard =null, sCvvnocredtcard=null, saddline1=null,saddline2=null, saddLandmark=null,sAddharno=null, sMaritialStatus=null,sweightd=null, sHeightselctFt =null,sHeightselctinch=null, sFatherName=null, sMotherName=null, sNominGender=null,sNomineeDOb=null]]" name="ulipKotakTest" duration-ms="378425" started-at="2021-03-12T12:25:49Z" data-provider="getdata" finished-at="2021-03-12T12:32:08Z">
          <params>
            <param index="0">
              <value>
                <![CDATA[1]]>
              </value>
            </param>
            <param index="1">
              <value>
                <![CDATA[ComboAppData [iTestCaseID=1, sGender=Female, sTobacoUser=No, sName=Harish patil, sDOB=15-10-1985,sPopUp=Yes, sMobileNO=7208289844, sEmail=test@test.com, sPremiumType=Monthly, sAnuallIncome=500000,sAnualIncmeAmt=600000,sPolicyPeriod=40, sPolicyPremium=5,sQualification=Graduation,sCovrageAmt=700000,sCovrageAddon=Life Secure,sPanNo=AAAAA1234K,sPincode=400001 , sCardno =5123456789012346, sMonthcreitcrd=May (05), sYearcrdtcard =2021, sCvvnocredtcard=123, saddline1=At Post Nimgul Tal Shindkhed,saddline2=maharshta state citizens, saddLandmark=new plots road,sAddharno=123456789101, sMaritialStatus=Married,sweightd=58, sHeightselctFt =4 feet,sHeightselctinch=3 inches, sFatherName=Gulabrao Patil, sMotherName=Ranjana Patil, sNominGender=Male,sNomineeDOb=12-11-2000]]]>
              </value>
            </param>
          </params>
          <exception class="org.openqa.selenium.NoSuchElementException">
            <message>
              <![CDATA[no such element: Unable to locate element: {"method":"xpath","selector":"//button[contains(text(),'CONTINUE')]"}
  (Session info: chrome=70.0.3538.67)
  (Driver info: chromedriver=2.35.528161 (5b82f2d2aae0ca24b877009200ced9065a772e73),platform=Windows NT 10.0.14393 x86_64) (WARNING: The server did not provide any stacktrace information)
Command duration or timeout: 20.03 seconds
For documentation on this error, please visit: http://seleniumhq.org/exceptions/no_such_element.html
Build info: version: '2.53.1', revision: 'a36b8b1', time: '2016-06-30 17:37:03'
System info: host: 'KLICDT030894', ip: '10.3.7.181', os.name: 'Windows 10', os.arch: 'amd64', os.version: '10.0', java.version: '1.8.0_181'
Driver info: org.openqa.selenium.chrome.ChromeDriver
Capabilities [{applicationCacheEnabled=false, rotatable=false, mobileEmulationEnabled=false, networkConnectionEnabled=false, chrome={chromedriverVersion=2.35.528161 (5b82f2d2aae0ca24b877009200ced9065a772e73), userDataDir=C:\Users\lo3433\AppData\Local\Temp\scoped_dir10648_24318}, takesHeapSnapshot=true, pageLoadStrategy=normal, databaseEnabled=false, handlesAlerts=true, hasTouchScreen=false, version=70.0.3538.67, platform=XP, browserConnectionEnabled=false, nativeEvents=true, acceptSslCerts=false, acceptInsecureCerts=false, locationContextEnabled=true, webStorageEnabled=true, browserName=chrome, takesScreenshot=true, javascriptEnabled=true, cssSelectorsEnabled=true, setWindowRect=true, unexpectedAlertBehaviour=}]
Session ID: 32988a9ef97afec258da9c8a2bc95b2e
*** Element info: {Using=xpath, value=//button[contains(text(),'CONTINUE')]}]]>
            </message>
            <full-stacktrace>
              <![CDATA[org.openqa.selenium.NoSuchElementException: no such element: Unable to locate element: {"method":"xpath","selector":"//button[contains(text(),'CONTINUE')]"}
  (Session info: chrome=70.0.3538.67)
  (Driver info: chromedriver=2.35.528161 (5b82f2d2aae0ca24b877009200ced9065a772e73),platform=Windows NT 10.0.14393 x86_64) (WARNING: The server did not provide any stacktrace information)
Command duration or timeout: 20.03 seconds
For documentation on this error, please visit: http://seleniumhq.org/exceptions/no_such_element.html
Build info: version: '2.53.1', revision: 'a36b8b1', time: '2016-06-30 17:37:03'
System info: host: 'KLICDT030894', ip: '10.3.7.181', os.name: 'Windows 10', os.arch: 'amd64', os.version: '10.0', java.version: '1.8.0_181'
Driver info: org.openqa.selenium.chrome.ChromeDriver
Capabilities [{applicationCacheEnabled=false, rotatable=false, mobileEmulationEnabled=false, networkConnectionEnabled=false, chrome={chromedriverVersion=2.35.528161 (5b82f2d2aae0ca24b877009200ced9065a772e73), userDataDir=C:\Users\lo3433\AppData\Local\Temp\scoped_dir10648_24318}, takesHeapSnapshot=true, pageLoadStrategy=normal, databaseEnabled=false, handlesAlerts=true, hasTouchScreen=false, version=70.0.3538.67, platform=XP, browserConnectionEnabled=false, nativeEvents=true, acceptSslCerts=false, acceptInsecureCerts=false, locationContextEnabled=true, webStorageEnabled=true, browserName=chrome, takesScreenshot=true, javascriptEnabled=true, cssSelectorsEnabled=true, setWindowRect=true, unexpectedAlertBehaviour=}]
Session ID: 32988a9ef97afec258da9c8a2bc95b2e
*** Element info: {Using=xpath, value=//button[contains(text(),'CONTINUE')]}
	at sun.reflect.NativeConstructorAccessorImpl.newInstance0(Native Method)
	at sun.reflect.NativeConstructorAccessorImpl.newInstance(Unknown Source)
	at sun.reflect.DelegatingConstructorAccessorImpl.newInstance(Unknown Source)
	at java.lang.reflect.Constructor.newInstance(Unknown Source)
	at org.openqa.selenium.remote.ErrorHandler.createThrowable(ErrorHandler.java:206)
	at org.openqa.selenium.remote.ErrorHandler.throwIfResponseFailed(ErrorHandler.java:158)
	at org.openqa.selenium.remote.RemoteWebDriver.execute(RemoteWebDriver.java:678)
	at org.openqa.selenium.remote.RemoteWebDriver.findElement(RemoteWebDriver.java:363)
	at org.openqa.selenium.remote.RemoteWebDriver.findElementByXPath(RemoteWebDriver.java:500)
	at org.openqa.selenium.By$ByXPath.findElement(By.java:361)
	at org.openqa.selenium.remote.RemoteWebDriver.findElement(RemoteWebDriver.java:355)
	at org.openqa.selenium.support.pagefactory.DefaultElementLocator.findElement(DefaultElementLocator.java:69)
	at org.openqa.selenium.support.pagefactory.internal.LocatingElementHandler.invoke(LocatingElementHandler.java:38)
	at com.sun.proxy.$Proxy10.click(Unknown Source)
	at comboAppPages.PaymentInfoPage.fnPayinfo(PaymentInfoPage.java:95)
	at comboAppTests.ComboAppTest.ulipKotakTest(ComboAppTest.java:50)
	at sun.reflect.NativeMethodAccessorImpl.invoke0(Native Method)
	at sun.reflect.NativeMethodAccessorImpl.invoke(Unknown Source)
	at sun.reflect.DelegatingMethodAccessorImpl.invoke(Unknown Source)
	at java.lang.reflect.Method.invoke(Unknown Source)
	at org.testng.internal.MethodInvocationHelper.invokeMethod(MethodInvocationHelper.java:85)
	at org.testng.internal.Invoker.invokeMethod(Invoker.java:639)
	at org.testng.internal.Invoker.invokeTestMethod(Invoker.java:816)
	at org.testng.internal.Invoker.invokeTestMethods(Invoker.java:1124)
	at org.testng.internal.TestMethodWorker.invokeTestMethods(TestMethodWorker.java:125)
	at org.testng.internal.TestMethodWorker.run(TestMethodWorker.java:108)
	at org.testng.TestRunner.privateRun(TestRunner.java:774)
	at org.testng.TestRunner.run(TestRunner.java:624)
	at org.testng.SuiteRunner.runTest(SuiteRunner.java:359)
	at org.testng.SuiteRunner.runSequentially(SuiteRunner.java:354)
	at org.testng.SuiteRunner.privateRun(SuiteRunner.java:312)
	at org.testng.SuiteRunner.run(SuiteRunner.java:261)
	at org.testng.SuiteRunnerWorker.runSuite(SuiteRunnerWorker.java:52)
	at org.testng.SuiteRunnerWorker.run(SuiteRunnerWorker.java:86)
	at org.testng.TestNG.runSuitesSequentially(TestNG.java:1215)
	at org.testng.TestNG.runSuitesLocally(TestNG.java:1140)
	at org.testng.TestNG.run(TestNG.java:1048)
	at org.testng.remote.AbstractRemoteTestNG.run(AbstractRemoteTestNG.java:114)
	at org.testng.remote.RemoteTestNG.initAndRun(RemoteTestNG.java:251)
	at org.testng.remote.RemoteTestNG.main(RemoteTestNG.java:77)
]]>
            </full-stacktrace>
          </exception> <!-- org.openqa.selenium.NoSuchElementException -->
          <reporter-output>
          </reporter-output>
        </test-method> <!-- ulipKotakTest -->
      </class> <!-- comboAppTests.ComboAppTest -->
      <class name="lib.CommonClass">
        <test-method status="PASS" signature="setup(org.testng.ITestContext, java.lang.Boolean, java.lang.Boolean, java.lang.String, java.lang.String, java.lang.String, java.lang.String, int, int, int, int, java.lang.String)[pri:0, instance:lib.CommonClass@66480dd7]" name="setup" is-config="true" duration-ms="281" started-at="2021-03-12T12:25:42Z" finished-at="2021-03-12T12:25:42Z">
          <params>
            <param index="0">
              <value>
                <![CDATA[org.testng.TestRunner@542e560f]]>
              </value>
            </param>
            <param index="1">
              <value>
                <![CDATA[true]]>
              </value>
            </param>
            <param index="2">
              <value>
                <![CDATA[true]]>
              </value>
            </param>
            <param index="3">
              <value>
                <![CDATA[D:\\D Drive Data\\Ankush\\Selenium\\Dependencies\\drivers\\chromedriver.exe]]>
              </value>
            </param>
            <param index="4">
              <value>
                <![CDATA[D:\\D Drive Data\\Ankush\\Selenium\\Dependencies\\drivers\\IEDriverServer.exe]]>
              </value>
            </param>
            <param index="5">
              <value>
                <![CDATA[D:\\D Drive Data\\Ankush\\Selenium\\Projects\\I-One\\test-output\\]]>
              </value>
            </param>
            <param index="6">
              <value>
                <![CDATA[D:\\D Drive Data\\Ankush\\Selenium\\Projects\\I-One\\Images\\]]>
              </value>
            </param>
            <param index="7">
              <value>
                <![CDATA[20]]>
              </value>
            </param>
            <param index="8">
              <value>
                <![CDATA[2000]]>
              </value>
            </param>
            <param index="9">
              <value>
                <![CDATA[4000]]>
              </value>
            </param>
            <param index="10">
              <value>
                <![CDATA[6000]]>
              </value>
            </param>
            <param index="11">
              <value>
                <![CDATA[https://uateinsurance.mykotaklife.com/einsurance]]>
              </value>
            </param>
          </params>
          <reporter-output>
          </reporter-output>
        </test-method> <!-- setup -->
        <test-method status="PASS" signature="setUp(java.lang.String, java.lang.String, java.lang.String, int)[pri:0, instance:lib.CommonClass@66480dd7]" name="setUp" is-config="true" duration-ms="6846" started-at="2021-03-12T12:25:42Z" finished-at="2021-03-12T12:25:49Z">
          <params>
            <param index="0">
              <value>
                <![CDATA[chrome]]>
              </value>
            </param>
            <param index="1">
              <value>
                <![CDATA[data/data.xls]]>
              </value>
            </param>
            <param index="2">
              <value>
                <![CDATA[Sheet1]]>
              </value>
            </param>
            <param index="3">
              <value>
                <![CDATA[1]]>
              </value>
            </param>
          </params>
          <reporter-output>
          </reporter-output>
        </test-method> <!-- setUp -->
        <test-method status="PASS" signature="tearDown()[pri:0, instance:lib.CommonClass@66480dd7]" name="tearDown" is-config="true" duration-ms="0" started-at="2021-03-12T12:32:08Z" finished-at="2021-03-12T12:32:08Z">
          <reporter-output>
          </reporter-output>
        </test-method> <!-- tearDown -->
      </class> <!-- lib.CommonClass -->
    </test> <!-- Test -->
  </suite> <!-- Suite -->
</testng-results>
